0 info it worked if it ends with ok
1 verbose cli [ '/usr/bin/nodejs', '/usr/bin/npm', 'run', 'hot' ]
2 info using npm@3.10.8
3 info using node@v6.9.1
4 verbose run-script [ 'prehot', 'hot', 'posthot' ]
5 info lifecycle marmotify@0.0.1~prehot: marmotify@0.0.1
6 silly lifecycle marmotify@0.0.1~prehot: no script for prehot, continuing
7 info lifecycle marmotify@0.0.1~hot: marmotify@0.0.1
8 verbose lifecycle marmotify@0.0.1~hot: unsafe-perm in lifecycle true
9 verbose lifecycle marmotify@0.0.1~hot: PATH: /usr/lib/node_modules/npm/bin/node-gyp-bin:/home/ahmad/code/js/marmotify/node_modules/.bin:/home/ahmad/bin:/home/ahmad/.local/bin:/home/ahmad/bin:/home/ahmad/.local/bin:/usr/local/sbin:/usr/local/bin:/usr/sbin:/usr/bin:/sbin:/bin:/usr/games:/usr/local/games:/snap/bin:/snap/bin
10 verbose lifecycle marmotify@0.0.1~hot: CWD: /home/ahmad/code/js/marmotify
11 silly lifecycle marmotify@0.0.1~hot: Args: [ '-c', 'webpack-dev-server --inline --hot' ]
12 info lifecycle marmotify@0.0.1~hot: Failed to exec hot script
13 verbose stack Error: marmotify@0.0.1 hot: `webpack-dev-server --inline --hot`
13 verbose stack spawn ENOENT
13 verbose stack     at ChildProcess.<anonymous> (/usr/lib/node_modules/npm/lib/utils/spawn.js:33:16)
13 verbose stack     at emitTwo (events.js:106:13)
13 verbose stack     at ChildProcess.emit (events.js:191:7)
13 verbose stack     at maybeClose (internal/child_process.js:877:16)
13 verbose stack     at Process.ChildProcess._handle.onexit (internal/child_process.js:226:5)
14 verbose pkgid marmotify@0.0.1
15 verbose cwd /home/ahmad/code/js/marmotify
16 error Linux 4.4.0-36-generic
17 error argv "/usr/bin/nodejs" "/usr/bin/npm" "run" "hot"
18 error node v6.9.1
19 error npm  v3.10.8
20 error file sh
21 error code ELIFECYCLE
22 error errno ENOENT
23 error syscall spawn
24 error marmotify@0.0.1 hot: `webpack-dev-server --inline --hot`
24 error spawn ENOENT
25 error Failed at the marmotify@0.0.1 hot script 'webpack-dev-server --inline --hot'.
25 error Make sure you have the latest version of node.js and npm installed.
25 error If you do, this is most likely a problem with the marmotify package,
25 error not with npm itself.
25 error Tell the author that this fails on your system:
25 error     webpack-dev-server --inline --hot
25 error You can get information on how to open an issue for this project with:
25 error     npm bugs marmotify
25 error Or if that isn't available, you can get their info via:
25 error     npm owner ls marmotify
25 error There is likely additional logging output above.
26 verbose exit [ 1, true ]
